[2021-08-31T11:17:57.439] [INFO] default - Có request đến /
[2021-08-31T11:18:59.163] [INFO] quyen - Có request đến /
[2021-08-31T11:21:54.316] [INFO] quyen1 - Có request đến /
[2021-08-31T11:24:28.452] [INFO] quyen1 - Có request đến /
[2021-08-31T11:29:18.090] [INFO] quyen - Có request đến http://localhost:5000/api/quyen
[2021-08-31T11:30:06.271] [INFO] quyen - Có request đến http://localhost:5000/api/quyen
[2021-08-31T11:44:44.438] [INFO] quyen - Có request đến http://localhost:5000/api/quyen
[2021-08-31T11:45:29.412] [INFO] quyen - Có request đến http://localhost:5000/api/quyen
[2021-08-31T11:46:28.849] [INFO] quyen - Có request đến http://localhost:5000/api/quyen
[2021-08-31T11:46:50.940] [INFO] quyen - Có POST request đến http://localhost:5000/api/quyen
[2021-08-31T11:47:24.142] [INFO] quyen - Có GET request đến http://localhost:5000/api/quyen
[2021-08-31T11:49:14.082] [INFO] quyen - undefined undefined
[2021-08-31T11:49:14.083] [INFO] quyen - Có GET request đến http://localhost:5000/api/quyen
[2021-08-31T11:49:25.897] [INFO] quyen - undefined undefined
[2021-08-31T11:49:25.898] [INFO] quyen - Có GET request đến http://localhost:5000/api/quyen?id=1&ten=4324
[2021-08-31T11:50:28.423] [INFO] quyen - 1 4324
[2021-08-31T11:50:28.425] [INFO] quyen - Có GET request đến http://localhost:5000/api/quyen?id=1&ten=4324
[2021-08-31T11:53:57.428] [INFO] quyen - Có GET request đến http://localhost:5000/api/quyen?id=1&ten=4324
[2021-08-31T11:54:16.911] [INFO] quyen - Có GET request đến http://localhost:5000/api/quyen?id=1&ten=4324
[2021-08-31T11:56:03.786] [INFO] quyen - Có GET request đến http://localhost:5000/api/quyen?id=1&ten=4324
[2021-08-31T11:56:36.760] [INFO] quyen - Có GET request đến http://localhost:5000/api/quyen?id=1&ten=4324
[2021-08-31T11:56:42.592] [INFO] quyen - Có GET request đến http://localhost:5000/api/quyen?id=1
[2021-08-31T11:56:44.773] [INFO] quyen - Có GET request đến http://localhost:5000/api/quyen?id=Q
[2021-08-31T11:57:03.692] [INFO] quyen - Có GET request đến http://localhost:5000/api/quyen
[2021-08-31T11:57:22.744] [INFO] quyen - Có GET request đến http://localhost:5000/api/quyen
[2021-08-31T11:57:22.746] [INFO] quyen -  
[2021-08-31T11:58:36.847] [INFO] quyen - Có GET request đến http://localhost:5000/api/quyen
[2021-08-31T11:58:36.849] [INFO] quyen -  
[2021-08-31T11:58:53.181] [INFO] quyen - Có GET request đến http://localhost:5000/api/quyen?id=Q_1eeee984-890c-4f4c-abea-8f81d7745bb3
[2021-08-31T11:58:53.181] [INFO] quyen - Q_1eeee984-890c-4f4c-abea-8f81d7745bb3 
[2021-08-31T11:59:03.692] [INFO] quyen - Có GET request đến http://localhost:5000/api/quyen?ten=Sinh%20vi%C3%AAn
[2021-08-31T11:59:03.692] [INFO] quyen -  Sinh viên
[2021-08-31T11:59:06.604] [INFO] quyen - Có GET request đến http://localhost:5000/api/quyen?ten=Sinh%20%20
[2021-08-31T11:59:06.604] [INFO] quyen -  Sinh  
[2021-08-31T11:59:08.919] [INFO] quyen - Có GET request đến http://localhost:5000/api/quyen?ten=Sinh
[2021-08-31T11:59:08.920] [INFO] quyen -  Sinh
[2021-08-31T11:59:10.221] [INFO] quyen - Có GET request đến http://localhost:5000/api/quyen?ten=Sinh%20
[2021-08-31T11:59:10.221] [INFO] quyen -  Sinh 
[2021-08-31T12:03:36.454] [INFO] quyen - Có GET request đến http://localhost:5000/api/quyen?ten=Sinh%20
[2021-08-31T12:03:36.456] [INFO] quyen -  Sinh 
[2021-08-31T12:03:38.937] [INFO] quyen - Có GET request đến http://localhost:5000/api/quyen?ten=Sinh
[2021-08-31T12:03:38.938] [INFO] quyen -  Sinh
[2021-08-31T12:11:52.216] [INFO] quyen - Có GET request đến http://localhost:5000/api/quyen?ten=Sinh
[2021-08-31T12:12:37.743] [INFO] quyen - Có GET request đến http://localhost:5000/api/quyen?ten=Sinh
[2021-08-31T12:12:37.745] [INFO] quyen -  Sinh
[2021-08-31T12:12:52.875] [INFO] quyen - Có GET request đến http://localhost:5000/api/quyen?ten=Sinh
[2021-08-31T12:13:05.053] [INFO] quyen - Có GET request đến http://localhost:5000/api/quyen?ten=Sinh&sads=234
[2021-08-31T12:13:10.038] [INFO] quyen - Có GET request đến http://localhost:5000/api/quyen?ten=Sinh
[2021-08-31T12:13:17.458] [INFO] quyen - Có GET request đến http://localhost:5000/api/quyen?ten=Sinh&id=324
[2021-08-31T12:13:21.166] [INFO] quyen - Có GET request đến http://localhost:5000/api/quyen?ten=Sinh&id=Q_
[2021-08-31T12:13:25.317] [INFO] quyen - Có GET request đến http://localhost:5000/api/quyen?ten=Sinh&id=Q_1
[2021-08-31T12:13:28.203] [INFO] quyen - Có GET request đến http://localhost:5000/api/quyen?ten=Sinh&id=Q_1eee
[2021-08-31T12:13:30.271] [INFO] quyen - Có GET request đến http://localhost:5000/api/quyen?ten=Sinh&id=Q_1eeef
[2021-08-31T12:13:34.911] [INFO] quyen - Có GET request đến http://localhost:5000/api/quyen?ten=Sinh&idd
[2021-08-31T12:13:43.864] [INFO] quyen - Có GET request đến http://localhost:5000/api/quyen
[2021-08-31T12:16:06.878] [INFO] quyen - Có GET request đến http://localhost:5000/api/quyen/
[2021-08-31T12:16:10.155] [INFO] quyen - Có GET request đến http://localhost:5000/api/quyen/123
[2021-08-31T12:16:10.155] [INFO] quyen - undefined
[2021-08-31T12:16:11.611] [INFO] quyen - Có GET request đến http://localhost:5000/api/quyen/123234
[2021-08-31T12:16:11.611] [INFO] quyen - undefined
[2021-08-31T12:16:21.457] [INFO] quyen - Có GET request đến http://localhost:5000/api/quyen/123234
[2021-08-31T12:16:21.461] [INFO] quyen - 123234
[2021-08-31T12:17:18.669] [INFO] quyen - Có GET request đến http://localhost:5000/api/quyen/123234
[2021-08-31T12:17:54.480] [INFO] quyen - Có GET request đến http://localhost:5000/api/quyen/123234
[2021-08-31T12:18:03.293] [INFO] quyen - Có GET request đến http://localhost:5000/api/quyen/123234
[2021-08-31T12:19:08.740] [INFO] quyen - Có GET request đến http://localhost:5000/api/quyen/123234
[2021-08-31T12:19:42.313] [INFO] quyen - Có GET request đến http://localhost:5000/api/quyen/123234
[2021-08-31T12:19:59.098] [INFO] quyen - Có GET request đến http://localhost:5000/api/quyen
[2021-08-31T12:20:06.969] [INFO] quyen - Có GET request đến http://localhost:5000/api/quyen/Q_1eeee984-890c-4f4c-abea-8f81d7745bb3
[2021-08-31T12:20:19.538] [INFO] quyen - Có GET request đến http://localhost:5000/api/quyen/Q_1eeee984-890c-4f4c-abea-8f81d7745bb3
[2021-08-31T12:27:12.885] [INFO] quyen - Có POST request đến http://localhost:5000/api/quyen/
[2021-08-31T12:27:30.653] [INFO] quyen - Có POST request đến http://localhost:5000/api/quyen/
[2021-08-31T15:25:32.702] [INFO] quyen - Có GET request đến http://localhost:5000/api/quyen/
[2021-08-31T15:26:00.214] [INFO] quyen - Có GET request đến http://localhost:5000/api/quyen/
[2021-08-31T15:26:04.578] [INFO] quyen - Có GET request đến http://localhost:5000/api/quyen/Q_1eeee984-890c-4f4c-abea-8f81d7745bb3
[2021-08-31T15:26:19.229] [INFO] quyen - Có POST request đến http://localhost:5000/api/quyen/
[2021-08-31T15:27:36.329] [INFO] quyen - Có PUT request đến http://localhost:5000/api/quyen/
[2021-08-31T15:27:57.143] [INFO] quyen - Có PUT request đến http://localhost:5000/api/quyen/
[2021-08-31T15:28:18.949] [INFO] quyen - Có PUT request đến http://localhost:5000/api/quyen/
[2021-08-31T15:28:33.255] [INFO] quyen - Có PUT request đến http://localhost:5000/api/quyen/
[2021-08-31T15:29:22.083] [INFO] quyen - Có PUT request đến http://localhost:5000/api/quyen/
[2021-08-31T15:36:41.849] [INFO] quyen - Có GET request đến http://localhost:5000/api/quyen/
[2021-08-31T15:36:51.257] [INFO] quyen - Có PUT request đến http://localhost:5000/api/quyen/
[2021-08-31T15:37:14.428] [INFO] quyen - Có PUT request đến http://localhost:5000/api/quyen/
[2021-08-31T15:38:25.869] [INFO] quyen - Có PUT request đến http://localhost:5000/api/quyen/
[2021-08-31T15:44:44.927] [INFO] quyen - Có PUT request đến http://localhost:5000/api/quyen/
[2021-08-31T15:45:30.815] [INFO] quyen - Có PUT request đến http://localhost:5000/api/quyen/75
[2021-08-31T15:49:59.696] [INFO] quyen - Có PUT request đến http://localhost:5000/api/quyen/75
[2021-08-31T15:50:36.825] [INFO] quyen - Có PUT request đến http://localhost:5000/api/quyen/75
[2021-08-31T15:50:36.878] [INFO] quyen - null
[2021-08-31T15:50:50.306] [INFO] quyen - Có PUT request đến http://localhost:5000/api/quyen/75
[2021-08-31T15:50:50.504] [INFO] quyen - null
[2021-08-31T15:50:57.528] [INFO] quyen - Có GET request đến http://localhost:5000/api/quyen/75
[2021-08-31T15:50:59.456] [INFO] quyen - Có GET request đến http://localhost:5000/api/quyen/
[2021-08-31T15:51:07.872] [INFO] quyen - Có PUT request đến http://localhost:5000/api/quyen/Q_1eeee984-890c-4f4c-abea-8f81d7745bb3
[2021-08-31T15:51:07.968] [INFO] quyen - {
  id: 'Q_1eeee984-890c-4f4c-abea-8f81d7745bb3',
  ten: 'Sinh viên',
  create_at: 2021-08-30T15:45:21.510Z,
  update_at: 2021-08-30T15:45:21.510Z
}
[2021-08-31T15:51:16.686] [INFO] quyen - Có GET request đến http://localhost:5000/api/quyen/
[2021-08-31T15:51:37.231] [INFO] quyen - Có PUT request đến http://localhost:5000/api/quyen/Q_1eeee984-890c-4f4c-abea-8f81d7745bb3
[2021-08-31T15:51:46.064] [INFO] quyen - Có PUT request đến http://localhost:5000/api/quyen/Q_1eeee984-890c-4f4c-abea-8f81d7745bb3
[2021-08-31T15:51:46.073] [INFO] quyen - {
  id: 'Q_1eeee984-890c-4f4c-abea-8f81d7745bb3',
  ten: 'jkidf',
  create_at: 2021-08-30T15:45:21.510Z,
  update_at: 2021-08-31T08:51:07.971Z
}
[2021-08-31T15:57:07.141] [INFO] quyen - Có DELETE request đến http://localhost:5000/api/quyen/Q_1eeee984-890c-4f4c-abea-8f81d7745bb
[2021-08-31T15:57:14.290] [INFO] quyen - Có DELETE request đến http://localhost:5000/api/quyen/Q_1eeee984-890c-4f4c-abea-8f81d7745bb3
[2021-08-31T15:57:27.835] [INFO] quyen - Có DELETE request đến http://localhost:5000/api/quyen/Q_1eeee984-890c-4f4c-abea-8f81d7745bb3
[2021-08-31T15:57:39.230] [INFO] quyen - Có POST request đến http://localhost:5000/api/quyen/
[2021-08-31T15:58:02.723] [INFO] quyen - Có DELETE request đến http://localhost:5000/api/quyen/Q_1eeee984-890c-4f4c-abea-8f81d7745bb3
[2021-08-31T15:58:11.284] [INFO] quyen - Có GET request đến http://localhost:5000/api/quyen/
[2021-08-31T15:58:33.726] [INFO] quyen - Có POST request đến http://localhost:5000/api/quyen/
[2021-08-31T15:58:40.414] [INFO] quyen - Có GET request đến http://localhost:5000/api/quyen/
[2021-08-31T15:59:07.304] [INFO] quyen - Có DELETE request đến http://localhost:5000/api/quyen/Q_8530006b-ada4-4797-82c8-b49260944429
[2021-08-31T15:59:20.275] [INFO] quyen - Có GET request đến http://localhost:5000/api/quyen/
[2021-08-31T15:59:35.209] [INFO] quyen - Có DELETE request đến http://localhost:5000/api/quyen/d
[2021-08-31T15:59:45.578] [INFO] quyen - Có DELETE request đến http://localhost:5000/api/quyen/9237489jfd9iwue
[2021-08-31T16:07:30.409] [INFO] quyen - Có POST request đến http://localhost:5000/api/quyen/
[2021-08-31T16:07:43.630] [INFO] phong - Có POST request đến http://localhost:5000/api/phong/
[2021-08-31T16:07:52.801] [INFO] quyen - Có GET request đến http://localhost:5000/api/quyen/
[2021-08-31T16:08:01.330] [INFO] quyen - Có DELETE request đến http://localhost:5000/api/quyen/Q_8f254738-5a25-44b6-b8ef-553f588a893d
[2021-08-31T16:08:12.820] [INFO] phong - Có POST request đến http://localhost:5000/api/phong/
[2021-08-31T16:08:15.248] [INFO] phong - Có POST request đến http://localhost:5000/api/phong/
[2021-08-31T16:08:18.164] [INFO] phong - Có POST request đến http://localhost:5000/api/phong/
[2021-08-31T16:08:20.983] [INFO] phong - Có POST request đến http://localhost:5000/api/phong/
[2021-08-31T16:08:23.933] [INFO] phong - Có POST request đến http://localhost:5000/api/phong/
[2021-08-31T16:08:26.752] [INFO] phong - Có POST request đến http://localhost:5000/api/phong/
[2021-08-31T16:08:29.704] [INFO] phong - Có POST request đến http://localhost:5000/api/phong/
[2021-08-31T16:08:35.619] [INFO] phong - Có GET request đến http://localhost:5000/api/phong/
[2021-08-31T16:08:37.083] [INFO] phong - Có GET request đến http://localhost:5000/api/phong/
[2021-08-31T16:10:52.987] [INFO] phong - Có PUT request đến http://localhost:5000/api/phong/P_18447394-2a25-4e3a-b90a-dc085e1fe49d
[2021-08-31T16:10:55.777] [INFO] phong - Có GET request đến http://localhost:5000/api/phong/
[2021-08-31T16:11:08.500] [INFO] quyen - Có GET request đến http://localhost:5000/api/quyen/Q_1eeee984-890c-4f4c-abea-8f81d7745bb3
[2021-08-31T16:11:15.007] [INFO] quyen - Có GET request đến http://localhost:5000/api/quyen/P_18447394-2a25-4e3a-b90a-dc085e1fe49d
[2021-08-31T16:11:20.724] [INFO] phong - Có GET request đến http://localhost:5000/api/phong/P_18447394-2a25-4e3a-b90a-dc085e1fe49d
[2021-08-31T16:11:36.386] [INFO] phong - Có DELETE request đến http://localhost:5000/api/phong/P_18447394-2a25-4e3a-b90a-dc085e1fe49d
[2021-08-31T17:00:35.792] [INFO] admin - Có POST request đến http://localhost:5000/api/admin/
[2021-08-31T17:07:13.049] [INFO] admin - Có POST request đến http://localhost:5000/api/admin/
[2021-08-31T17:42:05.767] [INFO] admin - Có GET request đến http://localhost:5000/api/admin/
[2021-08-31T17:42:54.019] [INFO] admin - Có GET request đến http://localhost:5000/api/admin/
[2021-08-31T17:43:40.823] [INFO] admin - Có GET request đến http://localhost:5000/api/admin
[2021-08-31T17:44:00.117] [INFO] admin - Có GET request đến http://localhost:5000/api/admin
[2021-08-31T17:45:32.160] [INFO] admin - Có GET request đến http://localhost:5000/api/admin
[2021-08-31T17:45:44.601] [INFO] admin - Có GET request đến http://localhost:5000/api/admin?ten=sffd
[2021-08-31T17:45:52.688] [INFO] admin - Có GET request đến http://localhost:5000/api/admin
[2021-08-31T17:46:15.025] [INFO] admin - Có GET request đến http://localhost:5000/api/admin
[2021-08-31T17:46:55.840] [INFO] admin - Có GET request đến http://localhost:5000/api/admin
[2021-08-31T17:46:57.214] [INFO] admin - Có GET request đến http://localhost:5000/api/admin
[2021-08-31T17:46:57.710] [INFO] admin - Có GET request đến http://localhost:5000/api/admin
[2021-08-31T17:56:13.731] [INFO] admin - Có GET request đến http://localhost:5000/api/admin
[2021-08-31T17:57:07.251] [INFO] admin - Có GET request đến http://localhost:5000/api/admin?ten=sffd&gioiTinh=Nam
[2021-08-31T17:57:16.756] [INFO] admin - Có GET request đến http://localhost:5000/api/admin?ten=sffd&gioiTinh=Nam
[2021-08-31T17:57:17.395] [INFO] admin - Có GET request đến http://localhost:5000/api/admin?ten=sffd&gioiTinh=Nam
[2021-08-31T17:57:18.035] [INFO] admin - Có GET request đến http://localhost:5000/api/admin?ten=sffd&gioiTinh=Nam
[2021-08-31T17:58:56.885] [INFO] admin - Có GET request đến http://localhost:5000/api/admin?ten=sffd&gioiTinh=Nam
[2021-08-31T18:02:54.641] [INFO] admin - Có GET request đến http://localhost:5000/api/admin?ten=sffd&gioiTinh=Nam
[2021-08-31T18:03:44.956] [INFO] admin - Có GET request đến http://localhost:5000/api/admin?ten=sffd&gioiTinh=Nam
[2021-08-31T18:03:49.186] [INFO] admin - Có GET request đến http://localhost:5000/api/admin?ten=sffd&gioi_tinh=Nam
[2021-08-31T18:03:58.173] [INFO] admin - Có GET request đến http://localhost:5000/api/admin?ten=sffd&gioi_tinh=Nam
[2021-08-31T18:04:10.123] [INFO] admin - Có GET request đến http://localhost:5000/api/admin?ten=sffd&gioi_tinh=Nam
[2021-08-31T18:05:32.451] [INFO] admin - Có GET request đến http://localhost:5000/api/admin?ten=sffd&gioi_tinh=Nam
[2021-08-31T18:06:46.372] [INFO] admin - Có GET request đến http://localhost:5000/api/admin?ten=sffd&gioi_tinh=Nam
[2021-08-31T18:09:14.217] [INFO] admin - Có GET request đến http://localhost:5000/api/admin?ten=sffd&gioi_tinh=Nam
[2021-08-31T18:10:36.951] [INFO] admin - Có GET request đến http://localhost:5000/api/admin?ten=sffd&gioi_tinh=Nam
[2021-08-31T18:11:28.407] [INFO] admin - Có GET request đến http://localhost:5000/api/admin?ten=sffd&gioiTinh=Nam
[2021-08-31T18:11:43.985] [INFO] admin - Có GET request đến http://localhost:5000/api/admin?ten=sffd&gioiTinh=Nam
[2021-08-31T18:12:13.427] [INFO] admin - Có GET request đến http://localhost:5000/api/admin?ten=sffd&gioiTinh=Nam
[2021-08-31T18:12:25.369] [INFO] admin - Có GET request đến http://localhost:5000/api/admin?ten=sffd&gioiTinh=Nam
[2021-08-31T18:12:46.523] [INFO] admin - Có GET request đến http://localhost:5000/api/admin?ten=sffd&gioiTinh=Nam
[2021-08-31T18:12:56.852] [INFO] admin - Có GET request đến http://localhost:5000/api/admin?ten=sffd&gioiTinh=Nam
[2021-08-31T18:13:28.049] [INFO] admin - Có GET request đến http://localhost:5000/api/admin?ten=A108&gioiTinh=Nam
[2021-08-31T18:13:30.969] [INFO] admin - Có GET request đến http://localhost:5000/api/admin?ten=A108&gioiTinh=Na
[2021-08-31T18:13:32.933] [INFO] admin - Có GET request đến http://localhost:5000/api/admin?ten=A108&gioiTinh=Nam
[2021-08-31T18:15:29.868] [INFO] admin - Có POST request đến http://localhost:5000/api/admin/
[2021-08-31T18:16:10.761] [INFO] admin - Có POST request đến http://localhost:5000/api/admin/
[2021-08-31T18:16:25.720] [INFO] admin - Có POST request đến http://localhost:5000/api/admin/
[2021-08-31T18:16:39.187] [INFO] admin - Có POST request đến http://localhost:5000/api/admin/
[2021-08-31T18:18:25.755] [INFO] admin - Có POST request đến http://localhost:5000/api/admin/
[2021-08-31T18:19:06.190] [INFO] admin - Có POST request đến http://localhost:5000/api/admin/
[2021-08-31T18:19:13.914] [INFO] admin - Có POST request đến http://localhost:5000/api/admin/
[2021-08-31T18:20:25.164] [INFO] admin - Có GET request đến http://localhost:5000/api/admin
[2021-08-31T18:20:34.571] [INFO] phong - Có PUT request đến http://localhost:5000/api/phong/AD_97599465-33ce-4ea9-b4ec-6a187bd5838c
[2021-08-31T18:20:44.879] [INFO] admin - Có PUT request đến http://localhost:5000/api/admin/AD_97599465-33ce-4ea9-b4ec-6a187bd5838c
[2021-08-31T18:20:55.019] [INFO] admin - Có PUT request đến http://localhost:5000/api/admin/AD_97599465-33ce-4ea9-b4ec-6a187bd5838c
[2021-08-31T18:21:18.154] [INFO] admin - Có GET request đến http://localhost:5000/api/admin
[2021-08-31T18:21:22.279] [INFO] admin - Có PUT request đến http://localhost:5000/api/admin/AD_97599465-33ce-4ea9-b4ec-6a187bd5838c
[2021-08-31T18:21:23.153] [INFO] admin - Có PUT request đến http://localhost:5000/api/admin/AD_97599465-33ce-4ea9-b4ec-6a187bd5838c
[2021-08-31T18:21:23.685] [INFO] admin - Có PUT request đến http://localhost:5000/api/admin/AD_97599465-33ce-4ea9-b4ec-6a187bd5838c
[2021-08-31T18:21:53.213] [INFO] admin - Có PUT request đến http://localhost:5000/api/admin/AD_97599465-33ce-4ea9-b4ec-6a187bd5838c
[2021-08-31T18:21:53.280] [INFO] admin - Nguyễn Quang Hiếu Nu
[2021-08-31T18:22:10.971] [INFO] admin - Có PUT request đến http://localhost:5000/api/admin/AD_97599465-33ce-4ea9-b4ec-6a187bd5838c
[2021-08-31T18:22:11.045] [INFO] admin - Nguyễn Quang Hiế1u Nu
[2021-08-31T18:22:16.831] [INFO] admin - Có PUT request đến http://localhost:5000/api/admin/AD_97599465-33ce-4ea9-b4ec-6a187bd5838c
[2021-08-31T18:22:16.878] [INFO] admin - Nguyễn Quang Hiếu Nu
[2021-08-31T18:22:21.398] [INFO] admin - Có PUT request đến http://localhost:5000/api/admin/AD_97599465-33ce-4ea9-b4ec-6a187bd5838c
[2021-08-31T18:22:21.403] [INFO] admin - Nguyễn Quang Hiếu Nam
[2021-08-31T18:22:38.804] [INFO] admin - Có PUT request đến http://localhost:5000/api/admin/AD_97599465-33ce-4ea9-b4ec-6a187bd5838c
[2021-08-31T18:22:39.960] [INFO] admin - Có PUT request đến http://localhost:5000/api/admin/AD_97599465-33ce-4ea9-b4ec-6a187bd5838c
[2021-08-31T18:22:43.875] [INFO] admin - Có PUT request đến http://localhost:5000/api/admin/AD_97599465-33ce-4ea9-b4ec-6a187bd5838c
[2021-08-31T18:22:47.384] [INFO] admin - Có PUT request đến http://localhost:5000/api/admin/AD_97599465-33ce-4ea9-b4ec-6a187bd5838c
[2021-08-31T18:22:52.678] [INFO] admin - Có PUT request đến http://localhost:5000/api/admin/AD_97599465-33ce-4ea9-b4ec-6a187bd5838c
[2021-08-31T21:09:30.049] [INFO] auth - Có POST request đến http://localhost:5000/api/auth/register
[2021-08-31T21:10:26.582] [INFO] auth - Có POST request đến http://localhost:5000/api/auth/register
[2021-08-31T21:10:48.002] [INFO] auth - Có POST request đến http://localhost:5000/api/auth/register
[2021-08-31T21:11:10.178] [INFO] auth - Có POST request đến http://localhost:5000/api/auth/register
[2021-08-31T21:11:17.734] [INFO] auth - Có POST request đến http://localhost:5000/api/auth/register
[2021-08-31T21:13:03.455] [INFO] auth - Có POST request đến http://localhost:5000/api/auth/register
[2021-08-31T21:14:12.100] [INFO] auth - Có POST request đến http://localhost:5000/api/auth/register
[2021-08-31T21:27:22.485] [INFO] auth - Có POST request đến http://localhost:5000/api/auth/register
[2021-08-31T21:28:48.500] [INFO] auth - Có POST request đến http://localhost:5000/api/auth/register
[2021-08-31T21:28:48.635] [INFO] admin - Có POST request đến http://localhost:5000/api/admin
[2021-08-31T21:30:43.053] [INFO] auth - Có POST request đến http://localhost:5000/api/auth/register
[2021-08-31T21:30:43.208] [INFO] admin - Có POST request đến http://localhost:5000/api/admin
[2021-08-31T21:30:43.209] [INFO] admin - 4444 444
[2021-08-31T21:31:26.277] [INFO] auth - Có POST request đến http://localhost:5000/api/auth/register
[2021-08-31T21:31:26.425] [INFO] admin - Có POST request đến http://localhost:5000/api/admin
[2021-08-31T21:31:26.425] [INFO] admin - Unknown Khac
[2021-08-31T21:31:48.768] [INFO] auth - Có POST request đến http://localhost:5000/api/auth/register
[2021-08-31T21:31:48.890] [INFO] admin - Có POST request đến http://localhost:5000/api/admin
[2021-08-31T21:31:48.891] [INFO] admin - Unknown Khac
[2021-08-31T21:33:04.257] [INFO] auth - Có POST request đến http://localhost:5000/api/auth/register
[2021-08-31T21:33:04.391] [INFO] admin - Có POST request đến http://localhost:5000/api/admin
[2021-08-31T21:33:04.392] [INFO] admin - Unknown Khac
[2021-08-31T21:46:07.661] [INFO] auth - Có POST request đến http://localhost:5000/api/auth/register
[2021-08-31T21:46:07.753] [INFO] admin - Có POST request đến http://localhost:5000/api/admin
[2021-08-31T21:46:07.753] [INFO] admin - Unknown Khac
[2021-08-31T21:52:00.435] [INFO] auth - Có POST request đến http://localhost:5000/api/auth/register
[2021-08-31T21:52:00.628] [INFO] admin - Có POST request đến http://localhost:5000/api/admin
[2021-08-31T21:52:00.629] [INFO] admin - Unknown Khac
[2021-08-31T21:53:23.543] [INFO] admin - Có GET request đến http://localhost:5000/api/admin
[2021-08-31T22:00:01.771] [INFO] admin - Có GET request đến http://localhost:5000/api/admin
[2021-08-31T22:00:28.582] [INFO] auth - Có POST request đến http://localhost:5000/api/auth/register
[2021-08-31T22:00:28.657] [INFO] admin - Có POST request đến http://localhost:5000/api/admin
[2021-08-31T22:00:28.657] [INFO] admin - Unknown Khac
[2021-08-31T22:03:46.765] [INFO] auth - Có POST request đến http://localhost:5000/api/auth/register
[2021-08-31T22:03:46.839] [INFO] admin - Có POST request đến http://localhost:5000/api/admin
[2021-08-31T22:03:46.839] [INFO] admin - Unknown Khac
[2021-08-31T22:04:52.908] [INFO] quyen - Có GET request đến http://localhost:5000/api/quyen/
[2021-08-31T22:05:04.752] [INFO] quyen - Có POST request đến http://localhost:5000/api/quyen/
[2021-08-31T22:05:11.548] [INFO] quyen - Có POST request đến http://localhost:5000/api/quyen/
[2021-08-31T22:05:18.205] [INFO] quyen - Có POST request đến http://localhost:5000/api/quyen/
[2021-08-31T22:05:57.453] [INFO] auth - Có POST request đến http://localhost:5000/api/auth/register
[2021-08-31T22:05:57.599] [INFO] admin - Có POST request đến http://localhost:5000/api/admin
[2021-08-31T22:05:57.600] [INFO] admin - Unknown Khac
[2021-08-31T22:18:23.203] [INFO] auth - Có POST request đến http://localhost:5000/api/auth/register
[2021-08-31T22:31:17.388] [INFO] admin - Có GET request đến http://localhost:5000/api/admin
[2021-09-01T11:19:53.109] [INFO] quyen - Có GET request đến http://localhost:5000/api/quyen/
[2021-09-01T11:20:14.262] [INFO] quyen - Có GET request đến http://localhost:5000/api/quyen/Q_44d8ee8e-0475-43cc-a6da-a2596ee8639e
[2021-09-01T11:21:21.385] [INFO] quyen - Có POST request đến http://localhost:5000/api/quyen/
[2021-09-01T11:21:43.302] [INFO] quyen - Có POST request đến http://localhost:5000/api/quyen/
[2021-09-01T11:51:01.448] [INFO] quyen - Có POST request đến http://localhost:5000/api/quyen/
[2021-09-01T11:51:06.306] [INFO] quyen - Có GET request đến http://localhost:5000/api/quyen/Q_44d8ee8e-0475-43cc-a6da-a2596ee8639e
[2021-09-01T11:51:10.029] [INFO] quyen - Có GET request đến http://localhost:5000/api/quyen/
[2021-09-01T11:54:50.351] [INFO] quyen - Có GET request đến http://localhost:5000/api/user
[2021-09-01T11:54:58.541] [INFO] quyen - Có GET request đến http://localhost:5000/api/user
[2021-09-01T11:55:37.579] [INFO] quyen - Có GET request đến http://localhost:5000/api/user
[2021-09-01T11:56:20.453] [INFO] quyen - Có GET request đến http://localhost:5000/api/user
[2021-09-01T11:56:59.580] [INFO] quyen - Có GET request đến http://localhost:5000/api/user
[2021-09-01T11:57:14.827] [INFO] quyen - Có GET request đến http://localhost:5000/api/user
[2021-09-01T11:57:32.597] [INFO] quyen - Có GET request đến http://localhost:5000/api/user
[2021-09-01T11:57:45.894] [INFO] quyen - Có GET request đến http://localhost:5000/api/user/quanghieu
[2021-09-01T11:57:56.863] [INFO] quyen - Có GET request đến http://localhost:5000/api/user/
[2021-09-01T11:59:33.919] [INFO] quyen - Có GET request đến http://localhost:5000/api/user
[2021-09-01T11:59:53.991] [INFO] quyen - Có GET request đến http://localhost:5000/api/user
[2021-09-01T12:00:30.727] [INFO] quyen - Có GET request đến http://localhost:5000/api/user?username=quanghieu
[2021-09-01T13:13:18.945] [INFO] giangvien - Có POST request đến http://localhost:5000/api/giangvien
[2021-09-01T13:13:18.947] [INFO] giangvien - undefined undefined
[2021-09-01T13:14:08.522] [INFO] giangvien - Có POST request đến http://localhost:5000/api/giangvien
[2021-09-01T13:14:08.524] [INFO] giangvien - undefined undefined
[2021-09-01T13:14:21.511] [INFO] giangvien - Có POST request đến http://localhost:5000/api/giangvien
[2021-09-01T13:14:21.513] [INFO] giangvien - undefined undefined
[2021-09-01T13:15:02.086] [INFO] giangvien - Có POST request đến http://localhost:5000/api/giangvien
[2021-09-01T13:15:02.088] [INFO] giangvien - undefined undefined
[2021-09-01T13:15:20.246] [INFO] giangvien - Có POST request đến http://localhost:5000/api/giangvien
[2021-09-01T13:15:20.247] [INFO] giangvien - Ngô Thị Huệ undefined
[2021-09-01T13:15:34.112] [INFO] giangvien - Có POST request đến http://localhost:5000/api/giangvien
[2021-09-01T13:15:34.112] [INFO] giangvien - Ngô Thị Huệ N
[2021-09-01T13:15:38.552] [INFO] giangvien - Có POST request đến http://localhost:5000/api/giangvien
[2021-09-01T13:15:38.552] [INFO] giangvien - Ngô Thị Huệ Nu
[2021-09-01T13:17:01.466] [INFO] giangvien - Có PUT request đến http://localhost:5000/api/giangvien/GV_96ad4b65-9a56-4280-a9ed-7c1d9e11418d
[2021-09-01T13:17:05.666] [INFO] giangvien - Có PUT request đến http://localhost:5000/api/giangvien/GV_96ad4b65-9a56-4280-a9ed-7c1d9e11418d
[2021-09-01T13:17:16.253] [INFO] giangvien - Có PUT request đến http://localhost:5000/api/giangvien/GV_96ad4b65-9a56-4280-a9ed-7c1d9e11418d
[2021-09-01T13:18:11.513] [INFO] giangvien - Có DELETE request đến http://localhost:5000/api/giangvien/GV_96ad4b65-9a56-4280-a9ed-7c1d9e11418d
[2021-09-01T13:18:18.665] [INFO] giangvien - Có GET request đến http://localhost:5000/api/giangvien
[2021-09-01T13:18:21.103] [INFO] giangvien - Có POST request đến http://localhost:5000/api/giangvien/
[2021-09-01T13:18:21.104] [INFO] giangvien - Ngô Thị Huệ Nu
[2021-09-01T13:18:21.802] [INFO] giangvien - Có POST request đến http://localhost:5000/api/giangvien/
[2021-09-01T13:18:21.802] [INFO] giangvien - Ngô Thị Huệ Nu
[2021-09-01T13:18:22.497] [INFO] giangvien - Có POST request đến http://localhost:5000/api/giangvien/
[2021-09-01T13:18:22.498] [INFO] giangvien - Ngô Thị Huệ Nu
[2021-09-01T13:18:22.966] [INFO] giangvien - Có POST request đến http://localhost:5000/api/giangvien/
[2021-09-01T13:18:22.966] [INFO] giangvien - Ngô Thị Huệ Nu
[2021-09-01T13:18:25.794] [INFO] giangvien - Có GET request đến http://localhost:5000/api/giangvien
[2021-09-01T13:18:50.889] [INFO] giangvien - Có GET request đến http://localhost:5000/api/giangvien/GV_00343205-5035-4ce9-99e9-5bde9e812b64
[2021-09-01T13:18:53.510] [INFO] giangvien - Có GET request đến http://localhost:5000/api/giangvien/GV_00343205-5035-4ce9-99e9-5bde9e812b6
[2021-09-01T13:18:55.600] [INFO] giangvien - Có GET request đến http://localhost:5000/api/giangvien/GV_00343205-5035-4ce9-99e9-5bde9e812b64
[2021-09-01T13:41:51.602] [INFO] Lop - Có POST request đến http://localhost:5000/api/lop/
[2021-09-01T13:42:37.662] [INFO] Lop - Có POST request đến http://localhost:5000/api/lop/
[2021-09-01T13:42:43.648] [INFO] Lop - Có POST request đến http://localhost:5000/api/lop/
[2021-09-01T13:42:51.434] [INFO] Lop - Có POST request đến http://localhost:5000/api/lop/
[2021-09-01T13:43:11.437] [INFO] Lop - Có POST request đến http://localhost:5000/api/lop/
[2021-09-01T13:43:24.573] [INFO] Lop - Có POST request đến http://localhost:5000/api/lop/
[2021-09-01T13:43:34.909] [INFO] Lop - Có POST request đến http://localhost:5000/api/lop/
[2021-09-01T13:43:48.260] [INFO] Lop - Có POST request đến http://localhost:5000/api/lop/
[2021-09-01T13:43:53.190] [INFO] Lop - Có POST request đến http://localhost:5000/api/lop/
[2021-09-01T13:48:46.406] [INFO] Lop - Có POST request đến http://localhost:5000/api/lop/
[2021-09-01T13:48:50.020] [INFO] Lop - Có POST request đến http://localhost:5000/api/lop/
[2021-09-01T13:48:55.138] [INFO] Lop - Có POST request đến http://localhost:5000/api/lop/
[2021-09-01T13:49:00.671] [INFO] Lop - Có POST request đến http://localhost:5000/api/lop/
[2021-09-01T13:49:15.463] [INFO] Lop - Có POST request đến http://localhost:5000/api/lop/
[2021-09-01T13:49:17.259] [INFO] Lop - Có POST request đến http://localhost:5000/api/lop/
[2021-09-01T13:49:17.848] [INFO] Lop - Có POST request đến http://localhost:5000/api/lop/
[2021-09-01T13:49:18.202] [INFO] Lop - Có POST request đến http://localhost:5000/api/lop/
[2021-09-01T13:49:20.451] [INFO] Lop - Có POST request đến http://localhost:5000/api/lop/
[2021-09-01T13:49:25.360] [INFO] Lop - Có POST request đến http://localhost:5000/api/lop/
[2021-09-01T13:49:41.183] [INFO] Lop - Có GET request đến http://localhost:5000/api/lop
[2021-09-01T13:50:26.301] [INFO] Lop - Có GET request đến http://localhost:5000/api/lop
[2021-09-01T13:51:03.490] [INFO] Lop - Có GET request đến http://localhost:5000/api/lop
[2021-09-01T13:53:40.081] [INFO] Lop - Có GET request đến http://localhost:5000/api/lop
[2021-09-01T14:28:59.559] [INFO] Lop - Có GET request đến http://localhost:5000/api/lop
[2021-09-01T14:57:13.444] [INFO] Giang_vien - Có PUT request đến http://localhost:5000/api/giangvien/L_cfb5e01d-31b1-4eac-bfc9-704f5ada762b
[2021-09-01T14:57:27.412] [INFO] Giang_vien - Có PUT request đến http://localhost:5000/api/giangvien/L_cfb5e01d-31b1-4eac-bfc9-704f5ada762b
[2021-09-01T14:57:47.099] [INFO] Giang_vien - Có PUT request đến http://localhost:5000/api/giangvien/L_cfb5e01d-31b1-4eac-bfc9-704f5ada762b
[2021-09-01T14:58:12.889] [INFO] Lop - Có PUT request đến http://localhost:5000/api/lop/L_cfb5e01d-31b1-4eac-bfc9-704f5ada762b
[2021-09-01T14:58:16.563] [INFO] Lop - Có GET request đến http://localhost:5000/api/lop
[2021-09-01T14:58:27.408] [INFO] Lop - Có GET request đến http://localhost:5000/api/lop
[2021-09-01T14:58:42.690] [INFO] Lop - Có GET request đến http://localhost:5000/api/lop
[2021-09-01T14:58:46.194] [INFO] Lop - Có GET request đến http://localhost:5000/api/lop
[2021-09-01T14:58:58.364] [INFO] Giang_vien - Có GET request đến http://localhost:5000/api/giangvien/L_574ec0b7-6509-4fc0-b123-74b616af2481
[2021-09-01T14:59:03.511] [INFO] Lop - Có GET request đến http://localhost:5000/api/lop/L_574ec0b7-6509-4fc0-b123-74b616af2481
[2021-09-01T14:59:05.045] [INFO] Lop - Có GET request đến http://localhost:5000/api/lop/L_574ec0b7-6509-4fc0-b123-74b616af2481
[2021-09-01T14:59:31.296] [INFO] Lop - Có GET request đến http://localhost:5000/api/lop/L_574ec0b7-6509-4fc0-b123-74b616af2481
[2021-09-01T14:59:58.353] [INFO] Lop - Có PUT request đến http://localhost:5000/api/lop/L_cfb5e01d-31b1-4eac-bfc9-704f5ada762b
[2021-09-01T15:00:05.867] [INFO] Lop - Có POST request đến http://localhost:5000/api/lop/
[2021-09-01T15:00:08.958] [INFO] Lop - Có POST request đến http://localhost:5000/api/lop/
[2021-09-01T15:00:11.483] [INFO] Lop - Có POST request đến http://localhost:5000/api/lop/
[2021-09-01T15:00:15.376] [INFO] Lop - Có POST request đến http://localhost:5000/api/lop/
[2021-09-01T15:00:19.283] [INFO] Lop - Có POST request đến http://localhost:5000/api/lop/
[2021-09-01T15:02:31.340] [INFO] Lop - Có POST request đến http://localhost:5000/api/lop/
[2021-09-01T15:02:47.183] [INFO] Lop - Có GET request đến http://localhost:5000/api/lop
[2021-09-01T15:03:01.382] [INFO] Lop - Có GET request đến http://localhost:5000/api/lop?ten=D13CNPM8
[2021-09-01T15:04:04.599] [INFO] Lop - Có GET request đến http://localhost:5000/api/lop
[2021-09-01T15:04:41.403] [INFO] Lop - Có DELETE request đến http://localhost:5000/api/lop/L_3d43562c-a73f-4857-a84d-d1e22527da88
[2021-09-01T15:04:45.076] [INFO] Lop - Có DELETE request đến http://localhost:5000/api/lop/L_3d43562c-a73f-4857-a84d-d1e22527da88
[2021-09-01T15:17:36.935] [INFO] Môn học - Có POST request đến http://localhost:5000/api/monhoc
[2021-09-01T15:18:09.613] [INFO] Môn học - Có POST request đến http://localhost:5000/api/monhoc
[2021-09-01T15:19:27.143] [INFO] Môn học - Có POST request đến http://localhost:5000/api/monhoc
[2021-09-01T15:19:30.169] [INFO] Môn học - Có POST request đến http://localhost:5000/api/monhoc
[2021-09-01T15:19:36.537] [INFO] Môn học - Có POST request đến http://localhost:5000/api/monhoc
[2021-09-01T15:20:14.001] [INFO] Môn học - Có POST request đến http://localhost:5000/api/monhoc
[2021-09-01T15:20:57.822] [INFO] Môn học - Có POST request đến http://localhost:5000/api/monhoc
[2021-09-01T15:21:06.919] [INFO] Môn học - Có GET request đến http://localhost:5000/api/monhoc
[2021-09-01T15:21:38.690] [INFO] Môn học - Có GET request đến http://localhost:5000/api/monhoc/MH_252b9337-9214-44ca-b3e6-b97c07553b84
[2021-09-01T15:22:10.002] [INFO] Lớp - Có PUT request đến http://localhost:5000/api/lop/L_cfb5e01d-31b1-4eac-bfc9-704f5ada762b
[2021-09-01T15:22:16.798] [INFO] Môn học - Có PUT request đến http://localhost:5000/api/monhoc/L_cfb5e01d-31b1-4eac-bfc9-704f5ada762b
[2021-09-01T15:23:09.965] [INFO] Môn học - Có GET request đến http://localhost:5000/api/monhoc
[2021-09-01T15:23:34.043] [INFO] Môn học - Có PUT request đến http://localhost:5000/api/monhoc/MH_252b9337-9214-44ca-b3e6-b97c07553b84
[2021-09-01T15:25:40.329] [INFO] Môn học - Có PUT request đến http://localhost:5000/api/monhoc/MH_252b9337-9214-44ca-b3e6-b97c07553b84
[2021-09-01T15:25:50.582] [INFO] Môn học - Có PUT request đến http://localhost:5000/api/monhoc/MH_252b9337-9214-44ca-b3e6-b97c07553b84
[2021-09-01T15:25:54.825] [INFO] Môn học - Có PUT request đến http://localhost:5000/api/monhoc/MH_252b9337-9214-44ca-b3e6-b97c07553b84
[2021-09-01T15:26:26.069] [INFO] Môn học - Có DELETE request đến http://localhost:5000/api/monhoc/MH_252b9337-9214-44ca-b3e6-b97c07553b84
[2021-09-01T18:16:35.040] [INFO] Quyền - Có POST request đến http://localhost:5000/api/quyen/
[2021-09-01T18:17:27.078] [INFO] Quyền - Có POST request đến http://localhost:5000/api/quyen/
[2021-09-01T18:18:19.090] [INFO] Quyền - Có POST request đến http://localhost:5000/api/quyen/
[2021-09-01T18:19:09.276] [INFO] Quyền - Có POST request đến http://localhost:5000/api/quyen/
[2021-09-01T18:19:36.026] [INFO] Quyền - Có POST request đến http://localhost:5000/api/quyen/
[2021-09-01T18:20:04.725] [INFO] Quyền - Có POST request đến http://localhost:5000/api/quyen/
[2021-09-01T18:21:12.611] [INFO] Quyền - Có POST request đến http://localhost:5000/api/quyen/
[2021-09-01T18:25:37.082] [INFO] Quyền - Có DELETE request đến http://localhost:5000/api/quyen/9237489jfd9iwue
